chixel/build/intermediates/manifest_merge_blame_file/debug/manifest-merger-blame-debug-report.txt
1<?xml version="1.0" encoding="utf-8"?>
2<manifest xmlns:android="http://schemas.android.com/apk/res/android"
3    xmlns:dist="http://schemas.android.com/apk/distribution"
4    package="com.chixel.chixelapp"
5    android:versionCode="1"
6    android:versionName="0.1-alpha" >
7
8    <uses-sdk
9        android:minSdkVersion="21"
9-->src\main\AndroidManifest.xml
10        android:targetSdkVersion="29" />
10-->src\main\AndroidManifest.xml
11
12    <dist:module dist:instant="true" />
12-->src\main\AndroidManifest.xml:6:5-40
12-->src\main\AndroidManifest.xml:6:18-37
13
14    <application
14-->src\main\AndroidManifest.xml:8:5-26:19
15        android:allowBackup="true"
15-->src\main\AndroidManifest.xml:9:9-35
16        android:appComponentFactory="androidx.core.app.CoreComponentFactory"
16-->[androidx.core:core:1.2.0] AndroidManifest.xml:24:18-86
17        android:debuggable="true"
18        android:icon="@mipmap/ic_launcher"
18-->src\main\AndroidManifest.xml:10:9-43
19        android:label="@string/app_name"
19-->src\main\AndroidManifest.xml:11:9-41
20        android:roundIcon="@mipmap/ic_launcher_round"
20-->src\main\AndroidManifest.xml:12:9-54
21        android:supportsRtl="true"
21-->src\main\AndroidManifest.xml:13:9-35
22        android:testOnly="true"
23        android:theme="@style/AppTheme" >
23-->src\main\AndroidManifest.xml:14:9-40
24        <activity android:name="com.chixel.chixelapp.MainActivity" >
24-->src\main\AndroidManifest.xml:15:9-21:20
24-->src\main\AndroidManifest.xml:15:19-47
25            <intent-filter>
25-->src\main\AndroidManifest.xml:16:13-20:29
26                <action android:name="android.intent.action.MAIN" />
26-->src\main\AndroidManifest.xml:17:17-69
26-->src\main\AndroidManifest.xml:17:25-66
27
28                <category android:name="android.intent.category.LAUNCHER" />
28-->src\main\AndroidManifest.xml:19:17-77
28-->src\main\AndroidManifest.xml:19:27-74
29            </intent-filter>
30        </activity>
31        <activity
31-->src\main\AndroidManifest.xml:22:9-96
32            android:name="com.chixel.chixelapp.ToolOptionsPopup"
32-->src\main\AndroidManifest.xml:22:19-51
33            android:theme="@style/Theme.Transparent" />
33-->src\main\AndroidManifest.xml:22:53-93
34        <activity
34-->src\main\AndroidManifest.xml:23:9-96
35            android:name="com.chixel.chixelapp.ColorPickerPopup"
35-->src\main\AndroidManifest.xml:23:19-51
36            android:theme="@style/Theme.Transparent" />
36-->src\main\AndroidManifest.xml:23:53-93
37        <activity
37-->src\main\AndroidManifest.xml:24:9-96
38            android:name="com.chixel.chixelapp.UserColorsPopup"
38-->src\main\AndroidManifest.xml:24:19-50
39            android:theme="@style/Theme.Transparent" />
39-->src\main\AndroidManifest.xml:24:53-93
40        <!-- <activity android:name=".ImageRecyclerView" android:theme="@style/Theme.Transparent" /> -->
41        <activity
41-->[com.github.divyanshub024:AndroidDraw:v0.1] AndroidManifest.xml:12:9-14:66
42            android:name="com.divyanshu.draw.activity.DrawingActivity"
42-->[com.github.divyanshub024:AndroidDraw:v0.1] AndroidManifest.xml:13:13-71
43            android:theme="@style/Theme.AppCompat.NoActionBar" />
43-->[com.github.divyanshub024:AndroidDraw:v0.1] AndroidManifest.xml:14:13-63
44
45        <service
45-->[androidx.room:room-runtime:2.2.3] AndroidManifest.xml:25:9-27:40
46            android:name="androidx.room.MultiInstanceInvalidationService"
46-->[androidx.room:room-runtime:2.2.3] AndroidManifest.xml:26:13-74
47            android:exported="false" />
47-->[androidx.room:room-runtime:2.2.3] AndroidManifest.xml:27:13-37
48    </application>
49
50</manifest>